{"ts":1731465985234,"action":"PROJECT_OPENED","tags":{"PROJECT_NAME":"final_compiler"}}
{"ts":1731465987852,"action":"IDE_DEACTIVATED"}
{"ts":1731466020703,"action":"IDE_ACTIVATED"}
{"ts":1731466027582,"action":"FILE_OPENED","file":"/compiler-comptition/main.c","tags":{"FILE_LINE_OF_CODE":"197"}}
{"ts":1731466045209,"action":"FILE_CLOSED","file":"/compiler-comptition/main.c","tags":{"FILE_LINE_OF_CODE":"197"}}
{"ts":1731466045209,"action":"FILE_OPENED","file":"/compiler-comptition/production/compiler-comptition/frontend/src/main/java/Sysy.g4","tags":{"FILE_LINE_OF_CODE":"116"}}
{"ts":1731466058356,"action":"IDE_DEACTIVATED"}
{"ts":1731466101159,"action":"IDE_ACTIVATED"}
{"ts":1731466105020,"action":"IDE_DEACTIVATED"}
{"ts":1731466115472,"action":"IDE_ACTIVATED"}
{"ts":1731466119349,"action":"IDE_DEACTIVATED"}
{"ts":1731466226607,"action":"IDE_ACTIVATED"}
{"ts":1731466241157,"action":"IDE_DEACTIVATED"}
{"ts":1731466273320,"action":"IDE_ACTIVATED"}
{"ts":1731466276973,"action":"IDE_DEACTIVATED"}
{"ts":1731466747993,"action":"IDE_ACTIVATED"}
{"ts":1731466753013,"action":"IDE_DEACTIVATED"}
{"ts":1731466761112,"action":"IDE_ACTIVATED"}
{"ts":1731467034061,"action":"IDE_DEACTIVATED"}
{"ts":1731467128376,"action":"IDE_ACTIVATED"}
{"ts":1731467132590,"action":"IDE_DEACTIVATED"}
{"ts":1731467532825,"action":"IDE_ACTIVATED"}
{"ts":1731467552757,"action":"IDE_DEACTIVATED"}
{"ts":1731467587176,"action":"IDE_ACTIVATED"}
{"ts":1731467653198,"action":"IDE_DEACTIVATED"}
{"ts":1731467926985,"action":"IDE_ACTIVATED"}
{"ts":1731467932086,"action":"IDE_DEACTIVATED"}
{"ts":1731468040409,"action":"IDE_ACTIVATED"}
{"ts":1731468054269,"action":"IDE_DEACTIVATED"}
{"ts":1731468429138,"action":"IDE_ACTIVATED"}
{"ts":1731468431773,"action":"IDE_DEACTIVATED"}
{"ts":1731468456672,"action":"IDE_ACTIVATED"}
{"ts":1731468459717,"action":"IDE_DEACTIVATED"}
{"ts":1731468494314,"action":"IDE_ACTIVATED"}
{"ts":1731468500166,"action":"IDE_DEACTIVATED"}
{"ts":1731468599857,"action":"IDE_ACTIVATED"}
{"ts":1731468631232,"action":"IDE_DEACTIVATED"}
{"ts":1731468867184,"action":"IDE_ACTIVATED"}
{"ts":1731468874086,"action":"IDE_DEACTIVATED"}
{"ts":1731472735908,"action":"IDE_ACTIVATED"}
{"ts":1731472736015,"action":"IDE_DEACTIVATED"}
{"ts":1731473216749,"action":"IDE_ACTIVATED"}
{"ts":1731473859472,"action":"IDE_DEACTIVATED"}
{"ts":1731474197530,"action":"IDE_ACTIVATED"}
{"ts":1731474198151,"action":"IDE_DEACTIVATED"}
{"ts":1731474203789,"action":"IDE_ACTIVATED"}
{"ts":1731474214041,"action":"IDE_DEACTIVATED"}
{"ts":1731474277683,"action":"IDE_ACTIVATED"}
{"ts":1731474318296,"action":"IDE_DEACTIVATED"}
{"ts":1731474336639,"action":"IDE_ACTIVATED"}
{"ts":1731474337968,"action":"IDE_DEACTIVATED"}
{"ts":1731474339899,"action":"IDE_ACTIVATED"}
{"ts":1731474340257,"action":"IDE_DEACTIVATED"}
{"ts":1731478455514,"action":"IDE_ACTIVATED"}
{"ts":1731478455602,"action":"IDE_DEACTIVATED"}
{"ts":1731481575838,"action":"IDE_ACTIVATED"}
{"ts":1731481578973,"action":"IDE_DEACTIVATED"}
{"ts":1731481597420,"action":"IDE_ACTIVATED"}
{"ts":1731481601320,"action":"IDE_DEACTIVATED"}
{"ts":1731482269674,"action":"IDE_ACTIVATED"}
{"ts":1731482269808,"action":"IDE_DEACTIVATED"}
{"ts":1731482370650,"action":"IDE_ACTIVATED"}
{"ts":1731482372997,"action":"IDE_DEACTIVATED"}
{"ts":1731482501796,"action":"IDE_ACTIVATED"}
{"ts":1731482502796,"action":"IDE_DEACTIVATED"}
{"ts":1731483043728,"action":"IDE_ACTIVATED"}
{"ts":1731483044415,"action":"IDE_DEACTIVATED"}
{"ts":1731483052747,"action":"IDE_ACTIVATED"}
{"ts":1731483053695,"action":"IDE_DEACTIVATED"}
{"ts":1731483056220,"action":"IDE_ACTIVATED"}
{"ts":1731483057504,"action":"IDE_DEACTIVATED"}
{"ts":1731483595448,"action":"IDE_ACTIVATED"}
{"ts":1731483596159,"action":"IDE_DEACTIVATED"}
{"ts":1731484862427,"action":"IDE_ACTIVATED"}
{"ts":1731484862517,"action":"IDE_DEACTIVATED"}
{"ts":1731484878590,"action":"IDE_ACTIVATED"}
{"ts":1731484879617,"action":"IDE_DEACTIVATED"}
{"ts":1731485727069,"action":"IDE_ACTIVATED"}
{"ts":1731485730745,"action":"IDE_DEACTIVATED"}
{"ts":1731485732049,"action":"IDE_ACTIVATED"}
{"ts":1731485732593,"action":"IDE_DEACTIVATED"}
{"ts":1731485769418,"action":"IDE_ACTIVATED"}
{"ts":1731485777171,"action":"IDE_DEACTIVATED"}
{"ts":1731485783266,"action":"IDE_ACTIVATED"}
{"ts":1731485783906,"action":"IDE_DEACTIVATED"}
{"ts":1731485886211,"action":"IDE_ACTIVATED"}
{"ts":1731485886833,"action":"IDE_DEACTIVATED"}
{"ts":1731486022509,"action":"IDE_ACTIVATED"}
{"ts":1731486031499,"action":"IDE_DEACTIVATED"}
{"ts":1731486032564,"action":"IDE_ACTIVATED"}
{"ts":1731486032577,"action":"IDE_DEACTIVATED"}
{"ts":1731486038007,"action":"IDE_ACTIVATED"}
{"ts":1731486040370,"action":"IDE_DEACTIVATED"}
{"ts":1731486040924,"action":"IDE_ACTIVATED"}
{"ts":1731486040943,"action":"IDE_DEACTIVATED"}
{"ts":1731486471319,"action":"IDE_ACTIVATED"}
{"ts":1731486473345,"action":"IDE_DEACTIVATED"}
{"ts":1731486770454,"action":"IDE_ACTIVATED"}
{"ts":1731486771498,"action":"IDE_DEACTIVATED"}
{"ts":1731486778597,"action":"IDE_ACTIVATED"}
{"ts":1731486780277,"action":"FILE_CLOSED","file":"/compiler-comptition/production/compiler-comptition/frontend/src/main/java/Sysy.g4","tags":{"FILE_LINE_OF_CODE":"116"}}
{"ts":1731486780322,"action":"PROJECT_CLOSED","tags":{"PROJECT_NAME":"final_compiler"}}
{"ts":1731487079832,"action":"FILE_OPENED","file":"/compiler-comptition/main.c","tags":{"FILE_LINE_OF_CODE":"197"}}
{"ts":1731487080191,"action":"PROJECT_OPENED","tags":{"PROJECT_NAME":"final_compiler"}}
{"ts":1731487090910,"action":"FILE_CLOSED","file":"/compiler-comptition/main.c","tags":{"FILE_LINE_OF_CODE":"197"}}
{"ts":1731487090910,"action":"FILE_OPENED","file":"/compiler-comptition/production/compiler-comptition/frontend/src/main/java/Sysy.g4","tags":{"FILE_LINE_OF_CODE":"116"}}
{"ts":1731487098898,"action":"FILE_CLOSED","file":"/compiler-comptition/production/compiler-comptition/frontend/src/main/java/Sysy.g4","tags":{"FILE_LINE_OF_CODE":"116"}}
{"ts":1731487098957,"action":"PROJECT_CLOSED","tags":{"PROJECT_NAME":"final_compiler"}}
{"ts":1731488093894,"action":"FILE_OPENED","file":"/compiler-comptition/main.c","tags":{"FILE_LINE_OF_CODE":"197"}}
{"ts":1731488093921,"action":"PROJECT_OPENED","tags":{"PROJECT_NAME":"final_compiler"}}
{"ts":1731488103331,"action":"FILE_CLOSED","file":"/compiler-comptition/main.c","tags":{"FILE_LINE_OF_CODE":"197"}}
{"ts":1731488103331,"action":"FILE_OPENED","file":"/compiler-comptition/production/compiler-comptition/frontend/src/main/java/Sysy.g4","tags":{"FILE_LINE_OF_CODE":"116"}}
{"ts":1731488155873,"action":"IDE_DEACTIVATED"}
{"ts":1731488159416,"action":"IDE_ACTIVATED"}
{"ts":1731488168698,"action":"IDE_DEACTIVATED"}
{"ts":1731488174311,"action":"IDE_ACTIVATED"}
{"ts":1731488278196,"action":"IDE_DEACTIVATED"}
{"ts":1731488278299,"action":"IDE_ACTIVATED"}
{"ts":1731489062830,"action":"IDE_DEACTIVATED"}
{"ts":1731489063688,"action":"IDE_ACTIVATED"}
{"ts":1731489063725,"action":"IDE_DEACTIVATED"}
{"ts":1731489275503,"action":"IDE_ACTIVATED"}
{"ts":1731489279701,"action":"IDE_DEACTIVATED"}
{"ts":1731489379888,"action":"IDE_ACTIVATED"}
{"ts":1731489383012,"action":"IDE_DEACTIVATED"}
{"ts":1731489387336,"action":"IDE_ACTIVATED"}
{"ts":1731489495064,"action":"IDE_DEACTIVATED"}
{"ts":1731489504940,"action":"IDE_ACTIVATED"}
{"ts":1731489507914,"action":"IDE_DEACTIVATED"}
{"ts":1731489528225,"action":"IDE_ACTIVATED"}
{"ts":1731489529829,"action":"IDE_DEACTIVATED"}
{"ts":1731489529920,"action":"IDE_ACTIVATED"}
{"ts":1731489542538,"action":"IDE_DEACTIVATED"}
{"ts":1731489543651,"action":"IDE_ACTIVATED"}
{"ts":1731489545066,"action":"IDE_DEACTIVATED"}
{"ts":1731489556906,"action":"IDE_ACTIVATED"}
{"ts":1731489558028,"action":"IDE_DEACTIVATED"}
{"ts":1731489572801,"action":"IDE_ACTIVATED"}
{"ts":1731489648388,"action":"IDE_DEACTIVATED"}
{"ts":1731489655390,"action":"IDE_ACTIVATED"}
{"ts":1731489657398,"action":"IDE_DEACTIVATED"}
{"ts":1731489658065,"action":"IDE_ACTIVATED"}
{"ts":1731489658156,"action":"IDE_DEACTIVATED"}
{"ts":1731489687803,"action":"IDE_ACTIVATED"}
{"ts":1731489690132,"action":"IDE_DEACTIVATED"}
{"ts":1731489690300,"action":"IDE_ACTIVATED"}
{"ts":1731489691596,"action":"IDE_DEACTIVATED"}
{"ts":1731489691695,"action":"IDE_ACTIVATED"}
{"ts":1731489692693,"action":"IDE_DEACTIVATED"}
{"ts":1731489693549,"action":"IDE_ACTIVATED"}
{"ts":1731489693587,"action":"IDE_DEACTIVATED"}
{"ts":1731489696160,"action":"IDE_ACTIVATED"}
{"ts":1731489698281,"action":"FILE_CLOSED","file":"/compiler-comptition/production/compiler-comptition/frontend/src/main/java/Sysy.g4","tags":{"FILE_LINE_OF_CODE":"116"}}
{"ts":1731489698311,"action":"PROJECT_CLOSED","tags":{"PROJECT_NAME":"final_compiler"}}
{"ts":1731551275505,"action":"FILE_OPENED","file":"/compiler-comptition/main.c","tags":{"FILE_LINE_OF_CODE":"197"}}
{"ts":1731551276385,"action":"PROJECT_OPENED","tags":{"PROJECT_NAME":"final_compiler"}}
{"ts":1731551297925,"action":"FILE_CLOSED","file":"/compiler-comptition/main.c","tags":{"FILE_LINE_OF_CODE":"197"}}
{"ts":1731551297925,"action":"FILE_OPENED","file":"/compiler-comptition/production/compiler-comptition/frontend/src/main/java/Sysy.g4","tags":{"FILE_LINE_OF_CODE":"116"}}
{"ts":1731551304052,"action":"FILE_CLOSED","file":"/compiler-comptition/production/compiler-comptition/frontend/src/main/java/Sysy.g4","tags":{"FILE_LINE_OF_CODE":"116"}}
{"ts":1731551304099,"action":"PROJECT_CLOSED","tags":{"PROJECT_NAME":"final_compiler"}}
{"ts":1731981729743,"action":"FILE_OPENED","file":"/compiler-comptition/main.c","tags":{"FILE_LINE_OF_CODE":"197"}}
{"ts":1731981729819,"action":"PROJECT_OPENED","tags":{"PROJECT_NAME":"final_compiler"}}
{"ts":1731981734323,"action":"FILE_CLOSED","file":"/compiler-comptition/main.c","tags":{"FILE_LINE_OF_CODE":"197"}}
{"ts":1731981755575,"action":"FILE_OPENED","file":"/compiler-comptition/compiler-comptition/gen/frontend/src/main/java/SysyBaseVisitor.java","tags":{"FILE_LINE_OF_CODE":"253"}}
{"ts":1731981756978,"action":"FILE_CLOSED","file":"/compiler-comptition/compiler-comptition/gen/frontend/src/main/java/SysyBaseVisitor.java","tags":{"FILE_LINE_OF_CODE":"253"}}
{"ts":1731981760645,"action":"IDE_DEACTIVATED"}
{"ts":1731981760765,"action":"IDE_ACTIVATED"}
{"ts":1731981773475,"action":"IDE_DEACTIVATED"}
{"ts":1731981777649,"action":"IDE_ACTIVATED"}
{"ts":1731981789605,"action":"IDE_DEACTIVATED"}
{"ts":1731981790818,"action":"IDE_ACTIVATED"}
{"ts":1731981792865,"action":"IDE_DEACTIVATED"}
{"ts":1731981792974,"action":"IDE_ACTIVATED"}
{"ts":1731981804711,"action":"FILE_OPENED","file":"/compiler-comptition/compiler-comptition/src/frontend/ast/Builder.java","tags":{"FILE_LINE_OF_CODE":"27"}}
{"ts":1731981810384,"action":"FILE_CLOSED","file":"/compiler-comptition/compiler-comptition/src/frontend/ast/Builder.java","tags":{"FILE_LINE_OF_CODE":"27"}}
{"ts":1731981810384,"action":"FILE_OPENED","file":"/compiler-comptition/compiler-comptition/src/frontend/ast/MySysyListener.java","tags":{"FILE_LINE_OF_CODE":"465"}}
{"ts":1731981816174,"action":"FILE_CLOSED","file":"/compiler-comptition/compiler-comptition/src/frontend/ast/MySysyListener.java","tags":{"FILE_LINE_OF_CODE":"465"}}
{"ts":1731981816174,"action":"FILE_OPENED","file":"/compiler-comptition/compiler-comptition/src/frontend/ast/Node.java","tags":{"FILE_LINE_OF_CODE":"274"}}
{"ts":1731981864534,"action":"FILE_CLOSED","file":"/compiler-comptition/compiler-comptition/src/frontend/ast/Node.java","tags":{"FILE_LINE_OF_CODE":"274"}}
{"ts":1731981864534,"action":"FILE_OPENED","file":"/compiler-comptition/compiler-comptition/src/frontend/ast/Word.java","tags":{"FILE_LINE_OF_CODE":"41"}}
{"ts":1731981873075,"action":"FILE_CLOSED","file":"/compiler-comptition/compiler-comptition/src/frontend/ast/Word.java","tags":{"FILE_LINE_OF_CODE":"41"}}
{"ts":1731981873075,"action":"FILE_OPENED","file":"/compiler-comptition/compiler-comptition/src/frontend/ast/WordList.java","tags":{"FILE_LINE_OF_CODE":"71"}}
{"ts":1731981877399,"action":"FILE_CLOSED","file":"/compiler-comptition/compiler-comptition/src/frontend/ast/WordList.java","tags":{"FILE_LINE_OF_CODE":"71"}}
{"ts":1731981877399,"action":"FILE_OPENED","file":"/compiler-comptition/compiler-comptition/src/frontend/ast/WordType.java","tags":{"FILE_LINE_OF_CODE":"98"}}
{"ts":1731981954392,"action":"FILE_CLOSED","file":"/compiler-comptition/compiler-comptition/src/frontend/ast/WordType.java","tags":{"FILE_LINE_OF_CODE":"98"}}
{"ts":1731981954392,"action":"FILE_OPENED","file":"/compiler-comptition/compiler-comptition/src/frontend/ast/Builder.java","tags":{"FILE_LINE_OF_CODE":"27"}}
{"ts":1731982030247,"action":"FILE_CLOSED","file":"/compiler-comptition/compiler-comptition/src/frontend/ast/Builder.java","tags":{"FILE_LINE_OF_CODE":"27"}}
{"ts":1731982030247,"action":"FILE_OPENED","file":"/compiler-comptition/compiler-comptition/src/frontend/ast/MySysyListener.java","tags":{"FILE_LINE_OF_CODE":"465"}}
{"ts":1731982041690,"action":"FILE_CLOSED","file":"/compiler-comptition/compiler-comptition/src/frontend/ast/MySysyListener.java","tags":{"FILE_LINE_OF_CODE":"465"}}
{"ts":1731982041690,"action":"FILE_OPENED","file":"/compiler-comptition/compiler-comptition/src/frontend/ast/Node.java","tags":{"FILE_LINE_OF_CODE":"274"}}
{"ts":1731982045795,"action":"IDE_DEACTIVATED"}
{"ts":1731982046798,"action":"IDE_ACTIVATED"}
{"ts":1731982049395,"action":"IDE_DEACTIVATED"}
{"ts":1731982050064,"action":"IDE_ACTIVATED"}
{"ts":1731982050955,"action":"IDE_DEACTIVATED"}
{"ts":1731982051072,"action":"IDE_ACTIVATED"}
{"ts":1731982142876,"action":"IDE_DEACTIVATED"}
{"ts":1731982142990,"action":"IDE_ACTIVATED"}
{"ts":1731982253995,"action":"IDE_DEACTIVATED"}
{"ts":1731982254164,"action":"IDE_ACTIVATED"}
{"ts":1731982261497,"action":"FILE_CLOSED","file":"/compiler-comptition/compiler-comptition/src/frontend/ast/Node.java","tags":{"FILE_LINE_OF_CODE":"274"}}
{"ts":1731982261497,"action":"FILE_OPENED","file":"/compiler-comptition/compiler-comptition/src/frontend/lexerparser/SysyBaseVisitor.java","tags":{"FILE_LINE_OF_CODE":"267"}}
{"ts":1731982352349,"action":"IDE_DEACTIVATED"}
{"ts":1731982353164,"action":"IDE_ACTIVATED"}
{"ts":1731982353194,"action":"IDE_DEACTIVATED"}
{"ts":1731982356776,"action":"IDE_ACTIVATED"}
{"ts":1731982392812,"action":"IDE_DEACTIVATED"}
{"ts":1731982449901,"action":"IDE_ACTIVATED"}
{"ts":1731982452043,"action":"IDE_DEACTIVATED"}
{"ts":1731982452153,"action":"IDE_ACTIVATED"}
{"ts":1731982457541,"action":"IDE_DEACTIVATED"}
{"ts":1731982542476,"action":"IDE_ACTIVATED"}
{"ts":1731982548195,"action":"IDE_DEACTIVATED"}
{"ts":1731982553750,"action":"IDE_ACTIVATED"}
{"ts":1731982639201,"action":"IDE_DEACTIVATED"}
{"ts":1731982643222,"action":"IDE_ACTIVATED"}
{"ts":1731982649124,"action":"IDE_DEACTIVATED"}
{"ts":1731982649924,"action":"IDE_ACTIVATED"}
{"ts":1731982650371,"action":"IDE_DEACTIVATED"}
{"ts":1731982773262,"action":"IDE_ACTIVATED"}
{"ts":1731982843451,"action":"IDE_DEACTIVATED"}
{"ts":1731982850431,"action":"IDE_ACTIVATED"}
{"ts":1731982854539,"action":"IDE_DEACTIVATED"}
{"ts":1731982858214,"action":"IDE_ACTIVATED"}
{"ts":1731982873757,"action":"IDE_DEACTIVATED"}
{"ts":1731982949574,"action":"IDE_ACTIVATED"}
{"ts":1731982953225,"action":"IDE_DEACTIVATED"}
{"ts":1731982961960,"action":"IDE_ACTIVATED"}
{"ts":1731982969258,"action":"IDE_DEACTIVATED"}
{"ts":1731982969385,"action":"IDE_ACTIVATED"}
{"ts":1731982973259,"action":"IDE_DEACTIVATED"}
{"ts":1731982997339,"action":"IDE_ACTIVATED"}
{"ts":1731983021252,"action":"IDE_DEACTIVATED"}
{"ts":1731983034930,"action":"IDE_ACTIVATED"}
{"ts":1731983036124,"action":"IDE_DEACTIVATED"}
{"ts":1731983036808,"action":"IDE_ACTIVATED"}
{"ts":1731983044768,"action":"IDE_DEACTIVATED"}
{"ts":1731983050801,"action":"IDE_ACTIVATED"}
{"ts":1731983095699,"action":"IDE_DEACTIVATED"}
{"ts":1731983109418,"action":"IDE_ACTIVATED"}
{"ts":1731983159973,"action":"IDE_DEACTIVATED"}
{"ts":1731983172613,"action":"IDE_ACTIVATED"}
{"ts":1731983295939,"action":"IDE_DEACTIVATED"}
{"ts":1731983296075,"action":"IDE_ACTIVATED"}
{"ts":1731983297692,"action":"FILE_CLOSED","file":"/compiler-comptition/compiler-comptition/src/frontend/lexerparser/SysyBaseVisitor.java","tags":{"FILE_LINE_OF_CODE":"267"}}
{"ts":1731983297692,"action":"FILE_OPENED","file":"/compiler-comptition/compiler-comptition/src/frontend/ast/Node.java","tags":{"FILE_LINE_OF_CODE":"274"}}
{"ts":1731983497411,"action":"IDE_DEACTIVATED"}
{"ts":1731983498170,"action":"IDE_ACTIVATED"}
{"ts":1731983515835,"action":"FILE_CLOSED","file":"/compiler-comptition/compiler-comptition/src/frontend/ast/Node.java","tags":{"FILE_LINE_OF_CODE":"274"}}
{"ts":1731983515835,"action":"FILE_OPENED","file":"/compiler-comptition/compiler-comptition/src/frontend/src/main/java/Sysy.g4","tags":{"FILE_LINE_OF_CODE":"116"}}
{"ts":1731983520697,"action":"FILE_CLOSED","file":"/compiler-comptition/compiler-comptition/src/frontend/src/main/java/Sysy.g4","tags":{"FILE_LINE_OF_CODE":"116"}}
{"ts":1731983520697,"action":"FILE_OPENED","file":"/compiler-comptition/compiler-comptition/src/frontend/ast/Node.java","tags":{"FILE_LINE_OF_CODE":"274"}}
{"ts":1731983543164,"action":"IDE_DEACTIVATED"}
{"ts":1731983703377,"action":"IDE_ACTIVATED"}
{"ts":1731983706605,"action":"IDE_DEACTIVATED"}
{"ts":1731983706699,"action":"IDE_ACTIVATED"}
{"ts":1731983733946,"action":"IDE_DEACTIVATED"}
{"ts":1731983734102,"action":"IDE_ACTIVATED"}
{"ts":1731983772228,"action":"IDE_DEACTIVATED"}
{"ts":1731983772394,"action":"IDE_ACTIVATED"}
{"ts":1731983786442,"action":"IDE_DEACTIVATED"}
{"ts":1731983786587,"action":"IDE_ACTIVATED"}
{"ts":1731983822243,"action":"IDE_DEACTIVATED"}
{"ts":1731983923248,"action":"IDE_ACTIVATED"}
{"ts":1731983923368,"action":"IDE_DEACTIVATED"}
{"ts":1731983969217,"action":"IDE_ACTIVATED"}
{"ts":1731983969988,"action":"IDE_DEACTIVATED"}
{"ts":1731983983452,"action":"IDE_ACTIVATED"}
{"ts":1731983985917,"action":"IDE_DEACTIVATED"}
{"ts":1731983986018,"action":"IDE_ACTIVATED"}
{"ts":1731984037378,"action":"IDE_DEACTIVATED"}
{"ts":1731984060278,"action":"IDE_ACTIVATED"}
{"ts":1731984070789,"action":"IDE_DEACTIVATED"}
{"ts":1731984070930,"action":"IDE_ACTIVATED"}
{"ts":1731984070931,"action":"IDE_DEACTIVATED"}
{"ts":1731984262359,"action":"IDE_ACTIVATED"}
{"ts":1731984270781,"action":"IDE_DEACTIVATED"}
{"ts":1731984270988,"action":"IDE_ACTIVATED"}
{"ts":1731984358712,"action":"IDE_DEACTIVATED"}
{"ts":1731984358866,"action":"IDE_ACTIVATED"}
{"ts":1731984639664,"action":"IDE_DEACTIVATED"}
{"ts":1731984639825,"action":"IDE_ACTIVATED"}
{"ts":1731984639825,"action":"IDE_DEACTIVATED"}
{"ts":1731984729887,"action":"IDE_ACTIVATED"}
{"ts":1731984729974,"action":"IDE_DEACTIVATED"}
{"ts":1731984984051,"action":"IDE_ACTIVATED"}
{"ts":1731984987022,"action":"IDE_DEACTIVATED"}
{"ts":1731984992482,"action":"IDE_ACTIVATED"}
{"ts":1731984992591,"action":"IDE_DEACTIVATED"}
{"ts":1731986682437,"action":"IDE_ACTIVATED"}
{"ts":1731986718741,"action":"IDE_DEACTIVATED"}
{"ts":1731986719520,"action":"IDE_ACTIVATED"}
{"ts":1731986971134,"action":"IDE_DEACTIVATED"}
{"ts":1731986997370,"action":"IDE_ACTIVATED"}
{"ts":1731986997465,"action":"IDE_DEACTIVATED"}
{"ts":1731987036325,"action":"IDE_ACTIVATED"}
{"ts":1731987108711,"action":"IDE_DEACTIVATED"}
{"ts":1731987108838,"action":"IDE_ACTIVATED"}
{"ts":1731987131306,"action":"FILE_CLOSED","file":"/compiler-comptition/compiler-comptition/src/frontend/ast/Node.java","tags":{"FILE_LINE_OF_CODE":"274"}}
{"ts":1731987131306,"action":"FILE_OPENED","file":"/compiler-comptition/compiler-comptition/src/frontend/src/main/java/Sysy.g4","tags":{"FILE_LINE_OF_CODE":"116"}}
{"ts":1731987140996,"action":"FILE_CLOSED","file":"/compiler-comptition/compiler-comptition/src/frontend/src/main/java/Sysy.g4","tags":{"FILE_LINE_OF_CODE":"116"}}
{"ts":1731987140996,"action":"FILE_OPENED","file":"/compiler-comptition/compiler-comptition/src/frontend/ast/Node.java","tags":{"FILE_LINE_OF_CODE":"274"}}
{"ts":1731987152416,"action":"IDE_DEACTIVATED"}
{"ts":1731987153118,"action":"IDE_ACTIVATED"}
{"ts":1731987153137,"action":"IDE_DEACTIVATED"}
{"ts":1731987179553,"action":"IDE_ACTIVATED"}
{"ts":1731987181607,"action":"IDE_DEACTIVATED"}
{"ts":1731987181697,"action":"IDE_ACTIVATED"}
{"ts":1731987274039,"action":"IDE_DEACTIVATED"}
{"ts":1731987274182,"action":"IDE_ACTIVATED"}
{"ts":1731987302511,"action":"FILE_CLOSED","file":"/compiler-comptition/compiler-comptition/src/frontend/ast/Node.java","tags":{"FILE_LINE_OF_CODE":"274"}}
{"ts":1731987302511,"action":"FILE_OPENED","file":"/compiler-comptition/compiler-comptition/src/frontend/src/main/java/Sysy.g4","tags":{"FILE_LINE_OF_CODE":"116"}}
{"ts":1731987305203,"action":"FILE_CLOSED","file":"/compiler-comptition/compiler-comptition/src/frontend/src/main/java/Sysy.g4","tags":{"FILE_LINE_OF_CODE":"116"}}
{"ts":1731987305203,"action":"FILE_OPENED","file":"/compiler-comptition/compiler-comptition/src/frontend/ast/Node.java","tags":{"FILE_LINE_OF_CODE":"274"}}
{"ts":1731987306726,"action":"FILE_CLOSED","file":"/compiler-comptition/compiler-comptition/src/frontend/ast/Node.java","tags":{"FILE_LINE_OF_CODE":"274"}}
{"ts":1731987306726,"action":"FILE_OPENED","file":"/compiler-comptition/compiler-comptition/src/frontend/src/main/java/Sysy.g4","tags":{"FILE_LINE_OF_CODE":"116"}}
{"ts":1731987364782,"action":"IDE_DEACTIVATED"}
{"ts":1731987365681,"action":"IDE_ACTIVATED"}
{"ts":1731987366798,"action":"IDE_DEACTIVATED"}
{"ts":1731987367483,"action":"IDE_ACTIVATED"}
{"ts":1731987372983,"action":"IDE_DEACTIVATED"}
{"ts":1731987373096,"action":"IDE_ACTIVATED"}
{"ts":1731987803945,"action":"IDE_DEACTIVATED"}
{"ts":1731987804070,"action":"IDE_ACTIVATED"}
{"ts":1731987807388,"action":"FILE_CLOSED","file":"/compiler-comptition/compiler-comptition/src/frontend/src/main/java/Sysy.g4","tags":{"FILE_LINE_OF_CODE":"116"}}
{"ts":1731987807388,"action":"FILE_OPENED","file":"/compiler-comptition/compiler-comptition/src/frontend/ast/Node.java","tags":{"FILE_LINE_OF_CODE":"274"}}
{"ts":1731988008352,"action":"IDE_DEACTIVATED"}
{"ts":1731988008452,"action":"IDE_ACTIVATED"}
{"ts":1731988081199,"action":"IDE_DEACTIVATED"}
{"ts":1731988081316,"action":"IDE_ACTIVATED"}
{"ts":1731988082630,"action":"FILE_CLOSED","file":"/compiler-comptition/compiler-comptition/src/frontend/ast/Node.java","tags":{"FILE_LINE_OF_CODE":"274"}}
{"ts":1731988082630,"action":"FILE_OPENED","file":"/compiler-comptition/compiler-comptition/src/frontend/src/main/java/Sysy.g4","tags":{"FILE_LINE_OF_CODE":"116"}}
{"ts":1731988091813,"action":"FILE_CLOSED","file":"/compiler-comptition/compiler-comptition/src/frontend/src/main/java/Sysy.g4","tags":{"FILE_LINE_OF_CODE":"116"}}
{"ts":1731988091813,"action":"FILE_OPENED","file":"/compiler-comptition/compiler-comptition/src/frontend/ast/Node.java","tags":{"FILE_LINE_OF_CODE":"274"}}
{"ts":1731988105527,"action":"IDE_DEACTIVATED"}
{"ts":1731988106271,"action":"IDE_ACTIVATED"}
{"ts":1731988110656,"action":"IDE_DEACTIVATED"}
{"ts":1731988111196,"action":"IDE_ACTIVATED"}
{"ts":1731988113224,"action":"IDE_DEACTIVATED"}
{"ts":1731988113329,"action":"IDE_ACTIVATED"}
{"ts":1731988174127,"action":"IDE_DEACTIVATED"}
{"ts":1731988174225,"action":"IDE_ACTIVATED"}
{"ts":1731988178904,"action":"IDE_DEACTIVATED"}
{"ts":1731988179025,"action":"IDE_ACTIVATED"}
{"ts":1731988180479,"action":"IDE_DEACTIVATED"}
{"ts":1731988180592,"action":"IDE_ACTIVATED"}
{"ts":1731988209679,"action":"IDE_DEACTIVATED"}
{"ts":1731988209813,"action":"IDE_ACTIVATED"}
{"ts":1731988240591,"action":"IDE_DEACTIVATED"}
{"ts":1731988240689,"action":"IDE_ACTIVATED"}
{"ts":1731988243031,"action":"IDE_DEACTIVATED"}
{"ts":1731988243153,"action":"IDE_ACTIVATED"}
{"ts":1731988244808,"action":"IDE_DEACTIVATED"}
{"ts":1731988244921,"action":"IDE_ACTIVATED"}
{"ts":1731988272311,"action":"IDE_DEACTIVATED"}
{"ts":1731988272437,"action":"IDE_ACTIVATED"}
{"ts":1731988276280,"action":"FILE_CLOSED","file":"/compiler-comptition/compiler-comptition/src/frontend/ast/Node.java","tags":{"FILE_LINE_OF_CODE":"274"}}
{"ts":1731988276280,"action":"FILE_OPENED","file":"/compiler-comptition/compiler-comptition/src/frontend/src/main/java/Sysy.g4","tags":{"FILE_LINE_OF_CODE":"116"}}
{"ts":1731988303138,"action":"FILE_CLOSED","file":"/compiler-comptition/compiler-comptition/src/frontend/src/main/java/Sysy.g4","tags":{"FILE_LINE_OF_CODE":"116"}}
{"ts":1731988303138,"action":"FILE_OPENED","file":"/compiler-comptition/compiler-comptition/src/frontend/ast/Node.java","tags":{"FILE_LINE_OF_CODE":"274"}}
{"ts":1731988306697,"action":"FILE_CLOSED","file":"/compiler-comptition/compiler-comptition/src/frontend/ast/Node.java","tags":{"FILE_LINE_OF_CODE":"274"}}
{"ts":1731988306697,"action":"FILE_OPENED","file":"/compiler-comptition/compiler-comptition/src/frontend/src/main/java/Sysy.g4","tags":{"FILE_LINE_OF_CODE":"116"}}
{"ts":1731988318918,"action":"FILE_CLOSED","file":"/compiler-comptition/compiler-comptition/src/frontend/src/main/java/Sysy.g4","tags":{"FILE_LINE_OF_CODE":"116"}}
{"ts":1731988318918,"action":"FILE_OPENED","file":"/compiler-comptition/compiler-comptition/src/frontend/ast/Node.java","tags":{"FILE_LINE_OF_CODE":"274"}}
{"ts":1731988331904,"action":"IDE_DEACTIVATED"}
{"ts":1731988332034,"action":"IDE_ACTIVATED"}
{"ts":1731988333197,"action":"FILE_CLOSED","file":"/compiler-comptition/compiler-comptition/src/frontend/ast/Node.java","tags":{"FILE_LINE_OF_CODE":"274"}}
{"ts":1731988333197,"action":"FILE_OPENED","file":"/compiler-comptition/compiler-comptition/src/frontend/src/main/java/Sysy.g4","tags":{"FILE_LINE_OF_CODE":"116"}}
{"ts":1731988335283,"action":"FILE_CLOSED","file":"/compiler-comptition/compiler-comptition/src/frontend/src/main/java/Sysy.g4","tags":{"FILE_LINE_OF_CODE":"116"}}
{"ts":1731988335283,"action":"FILE_OPENED","file":"/compiler-comptition/compiler-comptition/src/frontend/ast/Node.java","tags":{"FILE_LINE_OF_CODE":"274"}}
{"ts":1731988340623,"action":"FILE_CLOSED","file":"/compiler-comptition/compiler-comptition/src/frontend/ast/Node.java","tags":{"FILE_LINE_OF_CODE":"274"}}
{"ts":1731988340623,"action":"FILE_OPENED","file":"/compiler-comptition/compiler-comptition/src/frontend/ast/MySysyListener.java","tags":{"FILE_LINE_OF_CODE":"465"}}
{"ts":1731988341197,"action":"FILE_CLOSED","file":"/compiler-comptition/compiler-comptition/src/frontend/ast/MySysyListener.java","tags":{"FILE_LINE_OF_CODE":"465"}}
{"ts":1731988341197,"action":"FILE_OPENED","file":"/compiler-comptition/compiler-comptition/src/frontend/src/main/java/Sysy.g4","tags":{"FILE_LINE_OF_CODE":"116"}}
{"ts":1731988360308,"action":"FILE_CLOSED","file":"/compiler-comptition/compiler-comptition/src/frontend/src/main/java/Sysy.g4","tags":{"FILE_LINE_OF_CODE":"116"}}
{"ts":1731988360308,"action":"FILE_OPENED","file":"/compiler-comptition/compiler-comptition/src/frontend/ast/Node.java","tags":{"FILE_LINE_OF_CODE":"274"}}
{"ts":1731988363991,"action":"IDE_DEACTIVATED"}
{"ts":1731988364090,"action":"IDE_ACTIVATED"}
{"ts":1731988523369,"action":"IDE_DEACTIVATED"}
{"ts":1731988537802,"action":"IDE_ACTIVATED"}
{"ts":1731991137683,"action":"IDE_DEACTIVATED"}
{"ts":1731991138025,"action":"IDE_ACTIVATED"}
{"ts":1731991139548,"action":"IDE_DEACTIVATED"}
{"ts":1731991140331,"action":"IDE_ACTIVATED"}
{"ts":1731991140351,"action":"IDE_DEACTIVATED"}
{"ts":1731991142863,"action":"IDE_ACTIVATED"}
{"ts":1731991142949,"action":"IDE_DEACTIVATED"}
{"ts":1731991146782,"action":"IDE_ACTIVATED"}
{"ts":1731991146859,"action":"IDE_DEACTIVATED"}
{"ts":1732006170034,"action":"IDE_ACTIVATED"}
{"ts":1732006173524,"action":"IDE_DEACTIVATED"}
{"ts":1732006173625,"action":"IDE_ACTIVATED"}
{"ts":1732006303309,"action":"IDE_DEACTIVATED"}
{"ts":1732006322288,"action":"IDE_ACTIVATED"}
{"ts":1732006423939,"action":"IDE_DEACTIVATED"}
{"ts":1732006425991,"action":"IDE_ACTIVATED"}
{"ts":1732006429349,"action":"IDE_DEACTIVATED"}
{"ts":1732006429467,"action":"IDE_ACTIVATED"}
{"ts":1732006696605,"action":"IDE_DEACTIVATED"}
{"ts":1732006700484,"action":"IDE_ACTIVATED"}
{"ts":1732006702150,"action":"IDE_DEACTIVATED"}
{"ts":1732007909145,"action":"IDE_ACTIVATED"}
{"ts":1732007910605,"action":"IDE_DEACTIVATED"}
{"ts":1732007910725,"action":"IDE_ACTIVATED"}
{"ts":1732007912183,"action":"IDE_DEACTIVATED"}
{"ts":1732007914448,"action":"IDE_ACTIVATED"}
{"ts":1732008011668,"action":"IDE_DEACTIVATED"}
{"ts":1732008011838,"action":"IDE_ACTIVATED"}
{"ts":1732008142390,"action":"IDE_DEACTIVATED"}
{"ts":1732008142520,"action":"IDE_ACTIVATED"}
{"ts":1732008143790,"action":"IDE_DEACTIVATED"}
{"ts":1732008143903,"action":"IDE_ACTIVATED"}
{"ts":1732008145478,"action":"IDE_DEACTIVATED"}
{"ts":1732008145591,"action":"IDE_ACTIVATED"}
{"ts":1732008150743,"action":"IDE_DEACTIVATED"}
{"ts":1732008150839,"action":"IDE_ACTIVATED"}
{"ts":1732008152203,"action":"FILE_CLOSED","file":"/compiler-comptition/compiler-comptition/src/frontend/ast/Node.java","tags":{"FILE_LINE_OF_CODE":"274"}}
{"ts":1732008152203,"action":"FILE_OPENED","file":"/compiler-comptition/compiler-comptition/src/frontend/ast/WordList.java","tags":{"FILE_LINE_OF_CODE":"71"}}
{"ts":1732008152960,"action":"FILE_CLOSED","file":"/compiler-comptition/compiler-comptition/src/frontend/ast/WordList.java","tags":{"FILE_LINE_OF_CODE":"71"}}
{"ts":1732008152960,"action":"FILE_OPENED","file":"/compiler-comptition/compiler-comptition/src/frontend/ast/Word.java","tags":{"FILE_LINE_OF_CODE":"41"}}
{"ts":1732008154104,"action":"FILE_CLOSED","file":"/compiler-comptition/compiler-comptition/src/frontend/ast/Word.java","tags":{"FILE_LINE_OF_CODE":"41"}}
{"ts":1732008154104,"action":"FILE_OPENED","file":"/compiler-comptition/compiler-comptition/src/frontend/ast/WordType.java","tags":{"FILE_LINE_OF_CODE":"98"}}
{"ts":1732008161359,"action":"FILE_CLOSED","file":"/compiler-comptition/compiler-comptition/src/frontend/ast/WordType.java","tags":{"FILE_LINE_OF_CODE":"98"}}
{"ts":1732008161359,"action":"FILE_OPENED","file":"/compiler-comptition/compiler-comptition/src/frontend/ast/Word.java","tags":{"FILE_LINE_OF_CODE":"41"}}
{"ts":1732008173201,"action":"FILE_CLOSED","file":"/compiler-comptition/compiler-comptition/src/frontend/ast/Word.java","tags":{"FILE_LINE_OF_CODE":"41"}}
{"ts":1732008173201,"action":"FILE_OPENED","file":"/compiler-comptition/compiler-comptition/src/frontend/ast/WordType.java","tags":{"FILE_LINE_OF_CODE":"98"}}
{"ts":1732008176119,"action":"FILE_CLOSED","file":"/compiler-comptition/compiler-comptition/src/frontend/ast/WordType.java","tags":{"FILE_LINE_OF_CODE":"98"}}
{"ts":1732008176119,"action":"FILE_OPENED","file":"/compiler-comptition/compiler-comptition/src/frontend/ast/Word.java","tags":{"FILE_LINE_OF_CODE":"41"}}
{"ts":1732008190577,"action":"FILE_CLOSED","file":"/compiler-comptition/compiler-comptition/src/frontend/ast/Word.java","tags":{"FILE_LINE_OF_CODE":"41"}}
{"ts":1732008190577,"action":"FILE_OPENED","file":"/compiler-comptition/compiler-comptition/src/frontend/ast/WordList.java","tags":{"FILE_LINE_OF_CODE":"71"}}
{"ts":1732008194416,"action":"FILE_CLOSED","file":"/compiler-comptition/compiler-comptition/src/frontend/ast/WordList.java","tags":{"FILE_LINE_OF_CODE":"71"}}
{"ts":1732008194416,"action":"FILE_OPENED","file":"/compiler-comptition/compiler-comptition/src/frontend/ast/Word.java","tags":{"FILE_LINE_OF_CODE":"41"}}
{"ts":1732008199973,"action":"IDE_DEACTIVATED"}
{"ts":1732008200072,"action":"IDE_ACTIVATED"}
{"ts":1732008220085,"action":"IDE_DEACTIVATED"}
{"ts":1732008220226,"action":"IDE_ACTIVATED"}
{"ts":1732008221372,"action":"IDE_DEACTIVATED"}
{"ts":1732008221479,"action":"IDE_ACTIVATED"}
{"ts":1732008223521,"action":"FILE_CLOSED","file":"/compiler-comptition/compiler-comptition/src/frontend/ast/Word.java","tags":{"FILE_LINE_OF_CODE":"41"}}
{"ts":1732008223521,"action":"FILE_OPENED","file":"/compiler-comptition/compiler-comptition/src/frontend/ast/WordType.java","tags":{"FILE_LINE_OF_CODE":"98"}}
{"ts":1732008797250,"action":"IDE_DEACTIVATED"}
{"ts":1732009755701,"action":"IDE_ACTIVATED"}
{"ts":1732009757942,"action":"IDE_DEACTIVATED"}
{"ts":1732009758084,"action":"IDE_ACTIVATED"}
{"ts":1732009973237,"action":"IDE_DEACTIVATED"}
{"ts":1732009986960,"action":"IDE_ACTIVATED"}
{"ts":1732010006799,"action":"IDE_DEACTIVATED"}
{"ts":1732010014041,"action":"IDE_ACTIVATED"}
{"ts":1732010041182,"action":"IDE_DEACTIVATED"}
{"ts":1732010583865,"action":"IDE_ACTIVATED"}
{"ts":1732010600358,"action":"IDE_DEACTIVATED"}
{"ts":1732010600464,"action":"IDE_ACTIVATED"}
{"ts":1732010742509,"action":"IDE_DEACTIVATED"}
{"ts":1732010761482,"action":"IDE_ACTIVATED"}
{"ts":1732010764959,"action":"IDE_DEACTIVATED"}
{"ts":1732010765049,"action":"IDE_ACTIVATED"}
{"ts":1732010792768,"action":"IDE_DEACTIVATED"}
{"ts":1732010792865,"action":"IDE_ACTIVATED"}
{"ts":1732010794170,"action":"FILE_CLOSED","file":"/compiler-comptition/compiler-comptition/src/frontend/ast/WordType.java","tags":{"FILE_LINE_OF_CODE":"98"}}
{"ts":1732010794170,"action":"FILE_OPENED","file":"/compiler-comptition/compiler-comptition/src/frontend/ast/Word.java","tags":{"FILE_LINE_OF_CODE":"41"}}
{"ts":1732010808183,"action":"IDE_DEACTIVATED"}
{"ts":1732014679042,"action":"IDE_ACTIVATED"}
{"ts":1732014682292,"action":"IDE_DEACTIVATED"}
{"ts":1732018100271,"action":"IDE_ACTIVATED"}
{"ts":1732018102498,"action":"IDE_DEACTIVATED"}
{"ts":1732018102611,"action":"IDE_ACTIVATED"}
{"ts":1732018108068,"action":"IDE_DEACTIVATED"}
{"ts":1732018108178,"action":"IDE_ACTIVATED"}
{"ts":1732018111629,"action":"IDE_DEACTIVATED"}
{"ts":1732018111717,"action":"IDE_ACTIVATED"}
{"ts":1732018113813,"action":"IDE_DEACTIVATED"}
{"ts":1732018113911,"action":"IDE_ACTIVATED"}
{"ts":1732018271179,"action":"IDE_DEACTIVATED"}
{"ts":1732018271331,"action":"IDE_ACTIVATED"}
{"ts":1732018272693,"action":"IDE_DEACTIVATED"}
{"ts":1732018272790,"action":"IDE_ACTIVATED"}
{"ts":1732018274150,"action":"FILE_CLOSED","file":"/compiler-comptition/compiler-comptition/src/frontend/ast/Word.java","tags":{"FILE_LINE_OF_CODE":"41"}}
{"ts":1732018274150,"action":"FILE_OPENED","file":"/compiler-comptition/compiler-comptition/src/frontend/ast/Node.java","tags":{"FILE_LINE_OF_CODE":"274"}}
{"ts":1732018283067,"action":"IDE_DEACTIVATED"}
{"ts":1732018283211,"action":"IDE_ACTIVATED"}
{"ts":1732018309060,"action":"IDE_DEACTIVATED"}
{"ts":1732018309199,"action":"IDE_ACTIVATED"}
{"ts":1732018330880,"action":"FILE_CLOSED","file":"/compiler-comptition/compiler-comptition/src/frontend/ast/Node.java","tags":{"FILE_LINE_OF_CODE":"274"}}
{"ts":1732018330880,"action":"FILE_OPENED","file":"/compiler-comptition/compiler-comptition/src/frontend/ast/WordType.java","tags":{"FILE_LINE_OF_CODE":"98"}}
{"ts":1732018333322,"action":"FILE_CLOSED","file":"/compiler-comptition/compiler-comptition/src/frontend/ast/WordType.java","tags":{"FILE_LINE_OF_CODE":"98"}}
{"ts":1732018333322,"action":"FILE_OPENED","file":"/compiler-comptition/compiler-comptition/src/frontend/ast/WordList.java","tags":{"FILE_LINE_OF_CODE":"71"}}
{"ts":1732018566377,"action":"IDE_DEACTIVATED"}
{"ts":1732019520890,"action":"IDE_ACTIVATED"}
{"ts":1732019633524,"action":"IDE_DEACTIVATED"}
{"ts":1732019721674,"action":"IDE_ACTIVATED"}
{"ts":1732019742693,"action":"IDE_DEACTIVATED"}
{"ts":1732019748036,"action":"IDE_ACTIVATED"}
{"ts":1732019796684,"action":"IDE_DEACTIVATED"}
{"ts":1732019801321,"action":"IDE_ACTIVATED"}
{"ts":1732019886787,"action":"IDE_DEACTIVATED"}
{"ts":1732019897589,"action":"IDE_ACTIVATED"}
{"ts":1732019994092,"action":"IDE_DEACTIVATED"}
{"ts":1732020039424,"action":"IDE_ACTIVATED"}
{"ts":1732020252082,"action":"IDE_DEACTIVATED"}
{"ts":1732020430817,"action":"IDE_ACTIVATED"}
{"ts":1732020587494,"action":"IDE_DEACTIVATED"}
{"ts":1732020608841,"action":"IDE_ACTIVATED"}
{"ts":1732020692902,"action":"IDE_DEACTIVATED"}
{"ts":1732020693036,"action":"IDE_ACTIVATED"}
{"ts":1732020694549,"action":"IDE_DEACTIVATED"}
{"ts":1732020694651,"action":"IDE_ACTIVATED"}
{"ts":1732020696711,"action":"FILE_CLOSED","file":"/compiler-comptition/compiler-comptition/src/frontend/ast/WordList.java","tags":{"FILE_LINE_OF_CODE":"71"}}
{"ts":1732020696711,"action":"FILE_OPENED","file":"/compiler-comptition/compiler-comptition/src/frontend/ast/Node.java","tags":{"FILE_LINE_OF_CODE":"274"}}
{"ts":1732020757429,"action":"IDE_DEACTIVATED"}
{"ts":1732020773634,"action":"IDE_ACTIVATED"}
{"ts":1732020779799,"action":"IDE_DEACTIVATED"}
{"ts":1732020779952,"action":"IDE_ACTIVATED"}
{"ts":1732020781310,"action":"IDE_DEACTIVATED"}
{"ts":1732020781426,"action":"IDE_ACTIVATED"}
{"ts":1732020916542,"action":"IDE_DEACTIVATED"}
{"ts":1732020932220,"action":"IDE_ACTIVATED"}
{"ts":1732021076173,"action":"IDE_DEACTIVATED"}
{"ts":1732021129188,"action":"IDE_ACTIVATED"}
{"ts":1732021130520,"action":"IDE_DEACTIVATED"}
{"ts":1732021458292,"action":"IDE_ACTIVATED"}
{"ts":1732021870334,"action":"IDE_DEACTIVATED"}
{"ts":1732021948874,"action":"IDE_ACTIVATED"}
{"ts":1732021964517,"action":"IDE_DEACTIVATED"}
{"ts":1732021967392,"action":"IDE_ACTIVATED"}
{"ts":1732021991156,"action":"IDE_DEACTIVATED"}
{"ts":1732022027105,"action":"IDE_ACTIVATED"}
{"ts":1732022043102,"action":"IDE_DEACTIVATED"}
{"ts":1732022101326,"action":"IDE_ACTIVATED"}
{"ts":1732022107285,"action":"IDE_DEACTIVATED"}
{"ts":1732022222693,"action":"IDE_ACTIVATED"}
{"ts":1732022320244,"action":"IDE_DEACTIVATED"}
{"ts":1732022332009,"action":"IDE_ACTIVATED"}
{"ts":1732022436807,"action":"IDE_DEACTIVATED"}
{"ts":1732022449122,"action":"IDE_ACTIVATED"}
{"ts":1732022483669,"action":"IDE_DEACTIVATED"}
{"ts":1732022507990,"action":"IDE_ACTIVATED"}
{"ts":1732022575742,"action":"IDE_DEACTIVATED"}
{"ts":1732022590626,"action":"IDE_ACTIVATED"}
{"ts":1732022636117,"action":"IDE_DEACTIVATED"}
{"ts":1732022663756,"action":"IDE_ACTIVATED"}
{"ts":1732022745223,"action":"IDE_DEACTIVATED"}
{"ts":1732022848776,"action":"IDE_ACTIVATED"}
{"ts":1732023003671,"action":"IDE_DEACTIVATED"}
{"ts":1732023006293,"action":"IDE_ACTIVATED"}
{"ts":1732023055552,"action":"IDE_DEACTIVATED"}
{"ts":1732023076073,"action":"IDE_ACTIVATED"}
{"ts":1732023181927,"action":"IDE_DEACTIVATED"}
{"ts":1732023183623,"action":"IDE_ACTIVATED"}
{"ts":1732023208039,"action":"IDE_DEACTIVATED"}
{"ts":1732028257315,"action":"IDE_ACTIVATED"}
{"ts":1732028258496,"action":"IDE_DEACTIVATED"}
{"ts":1732028259039,"action":"IDE_ACTIVATED"}
{"ts":1732028263539,"action":"IDE_DEACTIVATED"}
{"ts":1732028263654,"action":"IDE_ACTIVATED"}
{"ts":1732028264562,"action":"IDE_DEACTIVATED"}
{"ts":1732028265645,"action":"IDE_ACTIVATED"}
{"ts":1732028267911,"action":"IDE_DEACTIVATED"}
{"ts":1732028270013,"action":"IDE_ACTIVATED"}
{"ts":1732028273738,"action":"FILE_CLOSED","file":"/compiler-comptition/compiler-comptition/src/frontend/ast/Node.java","tags":{"FILE_LINE_OF_CODE":"274"}}
{"ts":1732028273777,"action":"PROJECT_CLOSED","tags":{"PROJECT_NAME":"final_compiler"}}
{"ts":1732070035855,"action":"FILE_OPENED","file":"/compiler-comptition/compiler-comptition/src/frontend/ast/Builder.java","tags":{"FILE_LINE_OF_CODE":"27"}}
{"ts":1732070036694,"action":"PROJECT_OPENED","tags":{"PROJECT_NAME":"final_compiler"}}
{"ts":1732070091206,"action":"FILE_CLOSED","file":"/compiler-comptition/compiler-comptition/src/frontend/ast/Builder.java","tags":{"FILE_LINE_OF_CODE":"27"}}
{"ts":1732070091206,"action":"FILE_OPENED","file":"/compiler-comptition/compiler-comptition/src/frontend/ast/MySysyListener.java","tags":{"FILE_LINE_OF_CODE":"465"}}
{"ts":1732070091898,"action":"FILE_CLOSED","file":"/compiler-comptition/compiler-comptition/src/frontend/ast/MySysyListener.java","tags":{"FILE_LINE_OF_CODE":"465"}}
{"ts":1732070091898,"action":"FILE_OPENED","file":"/compiler-comptition/compiler-comptition/src/frontend/ast/Builder.java","tags":{"FILE_LINE_OF_CODE":"27"}}
{"ts":1732070165231,"action":"FILE_CLOSED","file":"/compiler-comptition/compiler-comptition/src/frontend/ast/Builder.java","tags":{"FILE_LINE_OF_CODE":"27"}}
{"ts":1732070165231,"action":"FILE_OPENED","file":"/compiler-comptition/compiler-comptition/src/frontend/ast/MySysyListener.java","tags":{"FILE_LINE_OF_CODE":"465"}}
{"ts":1732070188996,"action":"IDE_DEACTIVATED"}
{"ts":1732070269711,"action":"IDE_ACTIVATED"}
{"ts":1732070275786,"action":"IDE_DEACTIVATED"}
{"ts":1732070311617,"action":"IDE_ACTIVATED"}
{"ts":1732070471392,"action":"IDE_DEACTIVATED"}
{"ts":1732070601610,"action":"IDE_ACTIVATED"}
{"ts":1732070719410,"action":"FILE_CLOSED","file":"/compiler-comptition/compiler-comptition/src/frontend/ast/MySysyListener.java","tags":{"FILE_LINE_OF_CODE":"465"}}
{"ts":1732070719410,"action":"FILE_OPENED","file":"/compiler-comptition/compiler-comptition/src/frontend/src/main/java/Sysy.g4","tags":{"FILE_LINE_OF_CODE":"116"}}
{"ts":1732070722938,"action":"FILE_CLOSED","file":"/compiler-comptition/compiler-comptition/src/frontend/src/main/java/Sysy.g4","tags":{"FILE_LINE_OF_CODE":"116"}}
{"ts":1732070722938,"action":"FILE_OPENED","file":"/compiler-comptition/compiler-comptition/src/frontend/ast/MySysyListener.java","tags":{"FILE_LINE_OF_CODE":"465"}}
{"ts":1732071429891,"action":"IDE_DEACTIVATED"}
{"ts":1732071429984,"action":"IDE_ACTIVATED"}
{"ts":1732071430047,"action":"IDE_DEACTIVATED"}
{"ts":1732071491140,"action":"IDE_ACTIVATED"}
{"ts":1732071569795,"action":"FILE_CLOSED","file":"/compiler-comptition/compiler-comptition/src/frontend/ast/MySysyListener.java","tags":{"FILE_LINE_OF_CODE":"465"}}
{"ts":1732071569795,"action":"FILE_OPENED","file":"/compiler-comptition/compiler-comptition/src/frontend/src/main/java/Sysy.g4","tags":{"FILE_LINE_OF_CODE":"116"}}
{"ts":1732071756358,"action":"FILE_CLOSED","file":"/compiler-comptition/compiler-comptition/src/frontend/src/main/java/Sysy.g4","tags":{"FILE_LINE_OF_CODE":"116"}}
{"ts":1732071756358,"action":"FILE_OPENED","file":"/compiler-comptition/compiler-comptition/src/frontend/lexerparser/SysyBaseVisitor.java","tags":{"FILE_LINE_OF_CODE":"267"}}
{"ts":1732071757606,"action":"FILE_CLOSED","file":"/compiler-comptition/compiler-comptition/src/frontend/lexerparser/SysyBaseVisitor.java","tags":{"FILE_LINE_OF_CODE":"267"}}
{"ts":1732071757606,"action":"FILE_OPENED","file":"/compiler-comptition/compiler-comptition/src/frontend/ast/MySysyListener.java","tags":{"FILE_LINE_OF_CODE":"465"}}
{"ts":1732072037444,"action":"IDE_DEACTIVATED"}
{"ts":1732072068364,"action":"IDE_ACTIVATED"}
{"ts":1732072465289,"action":"FILE_CLOSED","file":"/compiler-comptition/compiler-comptition/src/frontend/ast/MySysyListener.java","tags":{"FILE_LINE_OF_CODE":"465"}}
{"ts":1732072465289,"action":"FILE_OPENED","file":"/compiler-comptition/compiler-comptition/src/frontend/src/main/java/Sysy.g4","tags":{"FILE_LINE_OF_CODE":"116"}}
{"ts":1732072471698,"action":"FILE_CLOSED","file":"/compiler-comptition/compiler-comptition/src/frontend/src/main/java/Sysy.g4","tags":{"FILE_LINE_OF_CODE":"116"}}
{"ts":1732072471698,"action":"FILE_OPENED","file":"/compiler-comptition/compiler-comptition/src/frontend/lexerparser/SysyBaseVisitor.java","tags":{"FILE_LINE_OF_CODE":"267"}}
{"ts":1732072473348,"action":"FILE_CLOSED","file":"/compiler-comptition/compiler-comptition/src/frontend/lexerparser/SysyBaseVisitor.java","tags":{"FILE_LINE_OF_CODE":"267"}}
{"ts":1732072473348,"action":"FILE_OPENED","file":"/compiler-comptition/compiler-comptition/src/frontend/ast/MySysyListener.java","tags":{"FILE_LINE_OF_CODE":"465"}}
{"ts":1732073059340,"action":"IDE_DEACTIVATED"}
{"ts":1732073059475,"action":"IDE_ACTIVATED"}
{"ts":1732073059569,"action":"IDE_DEACTIVATED"}
{"ts":1732073060461,"action":"IDE_ACTIVATED"}
{"ts":1732073060492,"action":"IDE_DEACTIVATED"}
{"ts":1732073062170,"action":"IDE_ACTIVATED"}
{"ts":1732073561796,"action":"IDE_DEACTIVATED"}
{"ts":1732073569620,"action":"IDE_ACTIVATED"}
{"ts":1732074274789,"action":"IDE_DEACTIVATED"}
{"ts":1732074275011,"action":"IDE_ACTIVATED"}
{"ts":1732074275105,"action":"IDE_DEACTIVATED"}
{"ts":1732074275668,"action":"IDE_ACTIVATED"}
{"ts":1732074275704,"action":"IDE_DEACTIVATED"}
{"ts":1732074361368,"action":"IDE_ACTIVATED"}
{"ts":1732078083615,"action":"IDE_DEACTIVATED"}
{"ts":1732078431195,"action":"IDE_ACTIVATED"}
{"ts":1732078434433,"action":"IDE_DEACTIVATED"}
{"ts":1732078434574,"action":"IDE_ACTIVATED"}
{"ts":1732078435634,"action":"IDE_DEACTIVATED"}
{"ts":1732078435788,"action":"IDE_ACTIVATED"}
{"ts":1732078437443,"action":"IDE_DEACTIVATED"}
{"ts":1732078437615,"action":"IDE_ACTIVATED"}
{"ts":1732078461405,"action":"IDE_DEACTIVATED"}
{"ts":1732078563976,"action":"IDE_ACTIVATED"}
{"ts":1732078924134,"action":"IDE_DEACTIVATED"}
{"ts":1732078973369,"action":"IDE_ACTIVATED"}
{"ts":1732078976195,"action":"IDE_DEACTIVATED"}
{"ts":1732079107695,"action":"IDE_ACTIVATED"}
{"ts":1732079181523,"action":"IDE_DEACTIVATED"}
{"ts":1732079183020,"action":"IDE_ACTIVATED"}
{"ts":1732079219780,"action":"IDE_DEACTIVATED"}
{"ts":1732079326279,"action":"IDE_ACTIVATED"}
{"ts":1732079351892,"action":"IDE_DEACTIVATED"}
{"ts":1732079383864,"action":"IDE_ACTIVATED"}
{"ts":1732079470636,"action":"IDE_DEACTIVATED"}
{"ts":1732079493174,"action":"IDE_ACTIVATED"}
{"ts":1732079897123,"action":"IDE_DEACTIVATED"}
{"ts":1732079932847,"action":"IDE_ACTIVATED"}
{"ts":1732080308186,"action":"IDE_DEACTIVATED"}
{"ts":1732080347865,"action":"IDE_ACTIVATED"}
{"ts":1732080433343,"action":"IDE_DEACTIVATED"}
{"ts":1732080495626,"action":"IDE_ACTIVATED"}
{"ts":1732080666201,"action":"IDE_DEACTIVATED"}
{"ts":1732080668034,"action":"IDE_ACTIVATED"}
{"ts":1732080747899,"action":"IDE_DEACTIVATED"}
{"ts":1732080811732,"action":"IDE_ACTIVATED"}
{"ts":1732081089372,"action":"IDE_DEACTIVATED"}
{"ts":1732081164984,"action":"IDE_ACTIVATED"}
{"ts":1732081376020,"action":"IDE_DEACTIVATED"}
{"ts":1732081387271,"action":"IDE_ACTIVATED"}
{"ts":1732081390246,"action":"IDE_DEACTIVATED"}
{"ts":1732081417227,"action":"IDE_ACTIVATED"}
{"ts":1732081678862,"action":"IDE_DEACTIVATED"}
{"ts":1732081800879,"action":"IDE_ACTIVATED"}
{"ts":1732081914294,"action":"IDE_DEACTIVATED"}
{"ts":1732081914459,"action":"IDE_ACTIVATED"}
{"ts":1732081941012,"action":"IDE_DEACTIVATED"}
{"ts":1732082097832,"action":"IDE_ACTIVATED"}
{"ts":1732082130923,"action":"IDE_DEACTIVATED"}
{"ts":1732082207852,"action":"IDE_ACTIVATED"}
{"ts":1732082345458,"action":"IDE_DEACTIVATED"}
{"ts":1732082358175,"action":"IDE_ACTIVATED"}
{"ts":1732082567573,"action":"IDE_DEACTIVATED"}
{"ts":1732082573350,"action":"IDE_ACTIVATED"}
{"ts":1732082885274,"action":"IDE_DEACTIVATED"}
{"ts":1732082928502,"action":"IDE_ACTIVATED"}
{"ts":1732082928765,"action":"IDE_DEACTIVATED"}
{"ts":1732082928768,"action":"IDE_ACTIVATED"}
{"ts":1732082928892,"action":"IDE_DEACTIVATED"}
{"ts":1732082931194,"action":"IDE_ACTIVATED"}
{"ts":1732083872412,"action":"IDE_DEACTIVATED"}
{"ts":1732083873241,"action":"IDE_ACTIVATED"}
{"ts":1732083873452,"action":"IDE_DEACTIVATED"}
{"ts":1732083884184,"action":"IDE_ACTIVATED"}
{"ts":1732084011552,"action":"IDE_DEACTIVATED"}
{"ts":1732084016957,"action":"IDE_ACTIVATED"}
{"ts":1732084311702,"action":"IDE_DEACTIVATED"}
{"ts":1732084336418,"action":"IDE_ACTIVATED"}
{"ts":1732084336891,"action":"IDE_DEACTIVATED"}
{"ts":1732084362279,"action":"IDE_ACTIVATED"}
{"ts":1732084377907,"action":"IDE_DEACTIVATED"}
{"ts":1732084400635,"action":"IDE_ACTIVATED"}
{"ts":1732084401030,"action":"IDE_DEACTIVATED"}
{"ts":1732084409236,"action":"IDE_ACTIVATED"}
{"ts":1732084464218,"action":"IDE_DEACTIVATED"}
{"ts":1732084510359,"action":"IDE_ACTIVATED"}
{"ts":1732084510792,"action":"IDE_DEACTIVATED"}
{"ts":1732084518072,"action":"IDE_ACTIVATED"}
{"ts":1732084518420,"action":"IDE_DEACTIVATED"}
{"ts":1732084522097,"action":"IDE_ACTIVATED"}
{"ts":1732084616461,"action":"IDE_DEACTIVATED"}
{"ts":1732084692090,"action":"IDE_ACTIVATED"}
{"ts":1732084865360,"action":"IDE_DEACTIVATED"}
{"ts":1732084922271,"action":"IDE_ACTIVATED"}
{"ts":1732085039460,"action":"IDE_DEACTIVATED"}
{"ts":1732085061918,"action":"IDE_ACTIVATED"}
{"ts":1732085164323,"action":"IDE_DEACTIVATED"}
{"ts":1732085174781,"action":"IDE_ACTIVATED"}
{"ts":1732085184878,"action":"IDE_DEACTIVATED"}
{"ts":1732085192232,"action":"IDE_ACTIVATED"}
{"ts":1732085192738,"action":"IDE_DEACTIVATED"}
{"ts":1732085194850,"action":"IDE_ACTIVATED"}
{"ts":1732085195989,"action":"IDE_DEACTIVATED"}
{"ts":1732085203177,"action":"IDE_ACTIVATED"}
{"ts":1732085204964,"action":"IDE_DEACTIVATED"}
{"ts":1732085228117,"action":"IDE_ACTIVATED"}
{"ts":1732085499048,"action":"IDE_DEACTIVATED"}
{"ts":1732085499792,"action":"IDE_ACTIVATED"}
{"ts":1732085788172,"action":"IDE_DEACTIVATED"}
{"ts":1732085793128,"action":"IDE_ACTIVATED"}
{"ts":1732085827118,"action":"IDE_DEACTIVATED"}
{"ts":1732085828552,"action":"IDE_ACTIVATED"}
{"ts":1732085830522,"action":"IDE_DEACTIVATED"}
{"ts":1732085964118,"action":"IDE_ACTIVATED"}
{"ts":1732085970139,"action":"FILE_CLOSED","file":"/compiler-comptition/compiler-comptition/src/frontend/ast/MySysyListener.java","tags":{"FILE_LINE_OF_CODE":"465"}}
{"ts":1732085970139,"action":"FILE_OPENED","file":"/compiler-comptition/compiler-comptition/src/frontend/ast/Node.java","tags":{"FILE_LINE_OF_CODE":"274"}}
{"ts":1732085971898,"action":"FILE_CLOSED","file":"/compiler-comptition/compiler-comptition/src/frontend/ast/Node.java","tags":{"FILE_LINE_OF_CODE":"274"}}
{"ts":1732085971898,"action":"FILE_OPENED","file":"/compiler-comptition/compiler-comptition/src/frontend/ast/MySysyListener.java","tags":{"FILE_LINE_OF_CODE":"465"}}
{"ts":1732085974818,"action":"FILE_CLOSED","file":"/compiler-comptition/compiler-comptition/src/frontend/ast/MySysyListener.java","tags":{"FILE_LINE_OF_CODE":"465"}}
{"ts":1732085974818,"action":"FILE_OPENED","file":"/compiler-comptition/compiler-comptition/src/frontend/ast/Node.java","tags":{"FILE_LINE_OF_CODE":"274"}}
{"ts":1732086147118,"action":"IDE_DEACTIVATED"}
{"ts":1732086252034,"action":"IDE_ACTIVATED"}
{"ts":1732086437173,"action":"FILE_CLOSED","file":"/compiler-comptition/compiler-comptition/src/frontend/ast/Node.java","tags":{"FILE_LINE_OF_CODE":"274"}}
{"ts":1732086437173,"action":"FILE_OPENED","file":"/compiler-comptition/compiler-comptition/src/frontend/ast/MySysyListener.java","tags":{"FILE_LINE_OF_CODE":"465"}}
{"ts":1732086459167,"action":"IDE_DEACTIVATED"}
{"ts":1732086494738,"action":"IDE_ACTIVATED"}
{"ts":1732087296244,"action":"FILE_CLOSED","file":"/compiler-comptition/compiler-comptition/src/frontend/ast/MySysyListener.java","tags":{"FILE_LINE_OF_CODE":"465"}}
{"ts":1732087296244,"action":"FILE_OPENED","file":"/compiler-comptition/compiler-comptition/src/frontend/ast/Builder.java","tags":{"FILE_LINE_OF_CODE":"27"}}
{"ts":1732087508104,"action":"FILE_CLOSED","file":"/compiler-comptition/compiler-comptition/src/frontend/ast/Builder.java","tags":{"FILE_LINE_OF_CODE":"27"}}
{"ts":1732087508151,"action":"PROJECT_CLOSED","tags":{"PROJECT_NAME":"final_compiler"}}
{"ts":1732088138491,"action":"FILE_OPENED","file":"/compiler-comptition/compiler-comptition/src/frontend/ast/Builder.java","tags":{"FILE_LINE_OF_CODE":"27"}}
{"ts":1732088138680,"action":"PROJECT_OPENED","tags":{"PROJECT_NAME":"final_compiler"}}
{"ts":1732088165949,"action":"FILE_CLOSED","file":"/compiler-comptition/compiler-comptition/src/frontend/ast/Builder.java","tags":{"FILE_LINE_OF_CODE":"27"}}
{"ts":1732088165949,"action":"FILE_OPENED","file":"/compiler-comptition/compiler-comptition/src/Compiler.java","tags":{"FILE_LINE_OF_CODE":"247"}}
{"ts":1732088231020,"action":"FILE_CLOSED","file":"/compiler-comptition/compiler-comptition/src/Compiler.java","tags":{"FILE_LINE_OF_CODE":"247"}}
{"ts":1732088231020,"action":"FILE_OPENED","file":"/compiler-comptition/compiler-comptition/src/Trunk/MyIO.java","tags":{"FILE_LINE_OF_CODE":"61"}}
{"ts":1732088238755,"action":"FILE_CLOSED","file":"/compiler-comptition/compiler-comptition/src/Trunk/MyIO.java","tags":{"FILE_LINE_OF_CODE":"61"}}
{"ts":1732088238755,"action":"FILE_OPENED","file":"/compiler-comptition/compiler-comptition/src/Compiler.java","tags":{"FILE_LINE_OF_CODE":"247"}}
{"ts":1732088250031,"action":"FILE_CLOSED","file":"/compiler-comptition/compiler-comptition/src/Compiler.java","tags":{"FILE_LINE_OF_CODE":"247"}}
{"ts":1732088250031,"action":"FILE_OPENED","file":"/compiler-comptition/compiler-comptition/src/Trunk/MyIO.java","tags":{"FILE_LINE_OF_CODE":"61"}}
{"ts":1732088467030,"action":"IDE_DEACTIVATED"}
{"ts":1732088485117,"action":"IDE_ACTIVATED"}
{"ts":1732088611123,"action":"IDE_DEACTIVATED"}
{"ts":1732088624629,"action":"IDE_ACTIVATED"}
{"ts":1732089047983,"action":"IDE_DEACTIVATED"}
{"ts":1732089195331,"action":"IDE_ACTIVATED"}
{"ts":1732089197851,"action":"IDE_DEACTIVATED"}
{"ts":1732089205484,"action":"IDE_ACTIVATED"}
{"ts":1732089206906,"action":"IDE_DEACTIVATED"}
{"ts":1732089207015,"action":"IDE_ACTIVATED"}
{"ts":1732089247693,"action":"IDE_DEACTIVATED"}
{"ts":1732089249999,"action":"IDE_ACTIVATED"}
{"ts":1732089261323,"action":"IDE_DEACTIVATED"}
{"ts":1732089458663,"action":"IDE_ACTIVATED"}
{"ts":1732089474881,"action":"IDE_DEACTIVATED"}
{"ts":1732089529761,"action":"IDE_ACTIVATED"}
{"ts":1732089531956,"action":"IDE_DEACTIVATED"}
{"ts":1732089663158,"action":"IDE_ACTIVATED"}
{"ts":1732089663189,"action":"IDE_DEACTIVATED"}
{"ts":1732089664976,"action":"IDE_ACTIVATED"}
{"ts":1732089668858,"action":"IDE_DEACTIVATED"}
{"ts":1732089690565,"action":"IDE_ACTIVATED"}
{"ts":1732089691555,"action":"IDE_DEACTIVATED"}
{"ts":1732089861774,"action":"IDE_ACTIVATED"}
{"ts":1732089866977,"action":"IDE_DEACTIVATED"}
{"ts":1732090073645,"action":"IDE_ACTIVATED"}
{"ts":1732090075810,"action":"IDE_DEACTIVATED"}
{"ts":1732090075925,"action":"IDE_ACTIVATED"}
{"ts":1732090076793,"action":"IDE_DEACTIVATED"}
{"ts":1732090077501,"action":"IDE_ACTIVATED"}
{"ts":1732090077545,"action":"IDE_DEACTIVATED"}
{"ts":1732090096618,"action":"IDE_ACTIVATED"}
{"ts":1732090096634,"action":"IDE_DEACTIVATED"}
{"ts":1732090097412,"action":"IDE_ACTIVATED"}
{"ts":1732090097462,"action":"IDE_DEACTIVATED"}
{"ts":1732090128134,"action":"IDE_ACTIVATED"}
{"ts":1732090131403,"action":"IDE_DEACTIVATED"}
{"ts":1732090131506,"action":"IDE_ACTIVATED"}
{"ts":1732090132170,"action":"IDE_DEACTIVATED"}
{"ts":1732090791885,"action":"IDE_ACTIVATED"}
{"ts":1732090795298,"action":"IDE_DEACTIVATED"}
{"ts":1732092271195,"action":"IDE_ACTIVATED"}
{"ts":1732092413001,"action":"IDE_DEACTIVATED"}
{"ts":1732092413139,"action":"IDE_ACTIVATED"}
{"ts":1732092414896,"action":"IDE_DEACTIVATED"}
{"ts":1732092589823,"action":"IDE_ACTIVATED"}
{"ts":1732092592315,"action":"IDE_DEACTIVATED"}
{"ts":1732092995502,"action":"IDE_ACTIVATED"}
{"ts":1732092996828,"action":"IDE_DEACTIVATED"}
{"ts":1732093002587,"action":"IDE_ACTIVATED"}
{"ts":1732093003627,"action":"IDE_DEACTIVATED"}
{"ts":1732093028553,"action":"IDE_ACTIVATED"}
{"ts":1732093093169,"action":"IDE_DEACTIVATED"}
{"ts":1732093647141,"action":"IDE_ACTIVATED"}
{"ts":1732093811221,"action":"IDE_DEACTIVATED"}
{"ts":1732093812109,"action":"IDE_ACTIVATED"}
{"ts":1732093812170,"action":"IDE_DEACTIVATED"}
{"ts":1732093838399,"action":"IDE_ACTIVATED"}
{"ts":1732093839163,"action":"IDE_DEACTIVATED"}
{"ts":1732094045278,"action":"IDE_ACTIVATED"}
{"ts":1732094045698,"action":"IDE_DEACTIVATED"}
{"ts":1732094046459,"action":"IDE_ACTIVATED"}
{"ts":1732094051699,"action":"IDE_DEACTIVATED"}
{"ts":1732094053405,"action":"IDE_ACTIVATED"}
{"ts":1732094053836,"action":"IDE_DEACTIVATED"}
{"ts":1732095311275,"action":"IDE_ACTIVATED"}
{"ts":1732095315858,"action":"FILE_CLOSED","file":"/compiler-comptition/compiler-comptition/src/Trunk/MyIO.java","tags":{"FILE_LINE_OF_CODE":"61"}}
{"ts":1732095315888,"action":"PROJECT_CLOSED","tags":{"PROJECT_NAME":"final_compiler"}}
